
> yaya-prototype@0.1.0 dev:web
> next dev

▲ Next.js 16.2.1 (Turbopack)
- Local:         http://localhost:3000
- Network:       http://10.24.74.123:3000
- Environments: .env.local, .env
✓ Ready in 528ms

 GET / 200 in 296ms (next.js: 157ms, application-code: 139ms)
 GET /api/health 200 in 90ms (next.js: 60ms, application-code: 30ms)
 POST /api/import 400 in 66ms (next.js: 43ms, application-code: 22ms)
 GET / 200 in 116ms (next.js: 5ms, application-code: 112ms)
 GET / 200 in 68ms (next.js: 13ms, application-code: 55ms)
 GET /api/health 200 in 24ms (next.js: 7ms, application-code: 17ms)
 POST /api/import 400 in 62ms (next.js: 7ms, application-code: 55ms)
 POST /api/import 400 in 17ms (next.js: 5ms, application-code: 12ms)
 POST /api/import 400 in 34ms (next.js: 12ms, application-code: 22ms)
 POST /api/import 400 in 21ms (next.js: 6ms, application-code: 15ms)
 POST /api/import 400 in 22ms (next.js: 8ms, application-code: 14ms)
✓ Compiled in 594ms
 GET / 200 in 112ms (next.js: 63ms, application-code: 50ms)
 GET / 200 in 145ms (next.js: 24ms, application-code: 120ms)
 GET /api/health 200 in 68ms (next.js: 23ms, application-code: 44ms)
 GET / 200 in 230ms (next.js: 8ms, application-code: 222ms)
 GET /api/health 200 in 134ms (next.js: 74ms, application-code: 59ms)
 GET / 200 in 288ms (next.js: 9ms, application-code: 279ms)
 POST /api/import 400 in 42ms (next.js: 23ms, application-code: 19ms)
 POST /api/import 400 in 19ms (next.js: 5ms, application-code: 14ms)
✓ Compiled in 49ms
 POST /api/import 400 in 66ms (next.js: 10ms, application-code: 56ms)
 POST /api/import 400 in 8ms (next.js: 1960µs, application-code: 7ms)
 POST /api/import 400 in 17ms (next.js: 3ms, application-code: 14ms)
 POST /api/import 400 in 15ms (next.js: 4ms, application-code: 11ms)
 POST /api/import 400 in 23ms (next.js: 4ms, application-code: 19ms)
 POST /api/import 400 in 16ms (next.js: 3ms, application-code: 13ms)
 POST /api/import 200 in 284ms (next.js: 3ms, application-code: 281ms)
 GET / 200 in 267ms (next.js: 9ms, application-code: 258ms)
 GET /api/health 200 in 110ms (next.js: 13ms, application-code: 97ms)
 POST /api/import 200 in 99ms (next.js: 13ms, application-code: 86ms)
 GET / 200 in 58ms (next.js: 8ms, application-code: 50ms)
 GET /api/health 200 in 20ms (next.js: 4ms, application-code: 16ms)
 POST /api/import 200 in 30ms (next.js: 9ms, application-code: 21ms)
✓ Compiled in 58ms
 POST /api/import 200 in 151ms (next.js: 26ms, application-code: 125ms)
 POST /api/import 200 in 107ms (next.js: 35ms, application-code: 72ms)
 PUT /api/import 200 in 56ms (next.js: 6ms, application-code: 50ms)
 PUT /api/import 400 in 336ms (next.js: 3ms, application-code: 333ms)
 GET / 200 in 313ms (next.js: 156ms, application-code: 157ms)
 GET /api/health 200 in 105ms (next.js: 56ms, application-code: 49ms)
 POST /api/import 200 in 11ms (next.js: 3ms, application-code: 8ms)
✓ Compiled in 43ms
 GET / 200 in 155ms (next.js: 85ms, application-code: 70ms)
 GET / 200 in 209ms (next.js: 4ms, application-code: 204ms)
 GET / 200 in 210ms (next.js: 6ms, application-code: 203ms)
 GET / 200 in 210ms (next.js: 28ms, application-code: 183ms)
 GET / 200 in 211ms (next.js: 47ms, application-code: 163ms)
 GET / 200 in 211ms (next.js: 102ms, application-code: 109ms)
 GET / 200 in 65ms (next.js: 6ms, application-code: 59ms)
 GET / 200 in 119ms (next.js: 9ms, application-code: 110ms)
 GET / 200 in 222ms (next.js: 8ms, application-code: 214ms)
 GET / 200 in 220ms (next.js: 28ms, application-code: 192ms)
 GET / 200 in 221ms (next.js: 43ms, application-code: 177ms)
 GET / 200 in 198ms (next.js: 38ms, application-code: 160ms)
 GET / 200 in 150ms (next.js: 10ms, application-code: 140ms)
 GET / 200 in 197ms (next.js: 9ms, application-code: 189ms)
 GET / 200 in 199ms (next.js: 4ms, application-code: 195ms)
 GET / 200 in 182ms (next.js: 4ms, application-code: 178ms)
 GET / 200 in 182ms (next.js: 19ms, application-code: 163ms)
 GET / 200 in 183ms (next.js: 32ms, application-code: 151ms)
 GET / 200 in 116ms (next.js: 11ms, application-code: 105ms)
 GET / 200 in 139ms (next.js: 6ms, application-code: 133ms)
 GET / 200 in 136ms (next.js: 4ms, application-code: 132ms)
 GET / 200 in 117ms (next.js: 23ms, application-code: 95ms)
 GET / 200 in 118ms (next.js: 44ms, application-code: 74ms)
 GET / 200 in 140ms (next.js: 22ms, application-code: 117ms)
 GET / 200 in 66ms (next.js: 9ms, application-code: 56ms)
 GET / 200 in 217ms (next.js: 4ms, application-code: 213ms)
 GET / 200 in 215ms (next.js: 8ms, application-code: 207ms)
 GET / 200 in 212ms (next.js: 34ms, application-code: 178ms)
 GET / 200 in 183ms (next.js: 21ms, application-code: 161ms)
 GET / 200 in 183ms (next.js: 68ms, application-code: 116ms)
 GET / 200 in 125ms (next.js: 50ms, application-code: 75ms)
 GET / 200 in 98ms (next.js: 5ms, application-code: 93ms)
 GET / 200 in 75ms (next.js: 5ms, application-code: 71ms)
 GET / 200 in 74ms (next.js: 17ms, application-code: 57ms)
 GET / 200 in 74ms (next.js: 32ms, application-code: 42ms)
 GET / 200 in 29ms (next.js: 5ms, application-code: 24ms)
 GET /api/session 404 in 320ms (next.js: 260ms, application-code: 61ms)
 POST /api/session 200 in 261ms (next.js: 203ms, application-code: 58ms)
 GET /api/session 200 in 34ms (next.js: 4ms, application-code: 30ms)
 GET / 200 in 227ms (next.js: 11ms, application-code: 215ms)
 GET /api/health 200 in 77ms (next.js: 52ms, application-code: 25ms)
 POST /api/import 200 in 57ms (next.js: 35ms, application-code: 23ms)
 GET / 200 in 163ms (next.js: 69ms, application-code: 95ms)
 GET / 200 in 185ms (next.js: 5ms, application-code: 180ms)
 GET / 200 in 163ms (next.js: 5ms, application-code: 159ms)
 GET / 200 in 165ms (next.js: 38ms, application-code: 127ms)
 GET / 200 in 167ms (next.js: 66ms, application-code: 102ms)
 GET / 200 in 168ms (next.js: 87ms, application-code: 81ms)
 GET / 200 in 66ms (next.js: 6ms, application-code: 60ms)
 GET / 200 in 145ms (next.js: 5ms, application-code: 140ms)
 GET / 200 in 157ms (next.js: 5ms, application-code: 152ms)
 GET / 200 in 161ms (next.js: 28ms, application-code: 133ms)
 GET / 200 in 162ms (next.js: 56ms, application-code: 106ms)
 GET / 200 in 165ms (next.js: 89ms, application-code: 76ms)
 GET / 200 in 143ms (next.js: 6ms, application-code: 137ms)
 GET / 200 in 155ms (next.js: 4ms, application-code: 151ms)
 GET / 200 in 154ms (next.js: 8ms, application-code: 146ms)
 GET / 200 in 154ms (next.js: 36ms, application-code: 118ms)
 GET / 200 in 156ms (next.js: 58ms, application-code: 98ms)
 GET / 200 in 98ms (next.js: 12ms, application-code: 86ms)
 GET / 200 in 134ms (next.js: 9ms, application-code: 125ms)
 GET / 200 in 179ms (next.js: 10ms, application-code: 169ms)
 GET / 200 in 155ms (next.js: 5ms, application-code: 150ms)
 GET / 200 in 162ms (next.js: 26ms, application-code: 136ms)
 GET / 200 in 163ms (next.js: 46ms, application-code: 117ms)
 GET / 200 in 149ms (next.js: 20ms, application-code: 129ms)
 GET / 200 in 196ms (next.js: 7ms, application-code: 189ms)
 GET / 200 in 181ms (next.js: 17ms, application-code: 164ms)
 GET / 200 in 141ms (next.js: 13ms, application-code: 128ms)
 GET / 200 in 134ms (next.js: 32ms, application-code: 102ms)
 GET / 200 in 137ms (next.js: 61ms, application-code: 76ms)
 GET / 200 in 80ms (next.js: 13ms, application-code: 68ms)
 GET / 200 in 114ms (next.js: 6ms, application-code: 108ms)
 GET / 200 in 140ms (next.js: 8ms, application-code: 133ms)
 GET / 200 in 116ms (next.js: 6ms, application-code: 111ms)
 GET / 200 in 97ms (next.js: 4ms, application-code: 93ms)
 GET / 200 in 99ms (next.js: 24ms, application-code: 75ms)
 GET / 200 in 74ms (next.js: 6ms, application-code: 68ms)
 GET / 200 in 54ms (next.js: 3ms, application-code: 51ms)
 GET / 200 in 29ms (next.js: 4ms, application-code: 25ms)
✓ Compiled in 127ms
 GET /api/health 200 in 407ms (next.js: 160ms, application-code: 247ms)
 POST /api/import 200 in 240ms (next.js: 84ms, application-code: 156ms)
✓ Compiled in 4ms
 POST /api/import/upload 200 in 209ms (next.js: 183ms, application-code: 26ms)
 GET / 200 in 315ms (next.js: 176ms, application-code: 139ms)
 GET /api/health 200 in 18ms (next.js: 4ms, application-code: 14ms)
 POST /api/import 200 in 21ms (next.js: 5ms, application-code: 17ms)
 GET / 200 in 342ms (next.js: 163ms, application-code: 180ms)
 GET / 200 in 135ms (next.js: 25ms, application-code: 110ms)
 GET / 200 in 124ms (next.js: 12ms, application-code: 111ms)
 GET / 200 in 123ms (next.js: 43ms, application-code: 80ms)
 GET / 200 in 125ms (next.js: 28ms, application-code: 98ms)
 GET / 200 in 125ms (next.js: 61ms, application-code: 64ms)
 GET / 200 in 120ms (next.js: 5ms, application-code: 115ms)
 GET / 200 in 121ms (next.js: 3ms, application-code: 118ms)
 GET / 200 in 129ms (next.js: 3ms, application-code: 126ms)
 GET / 200 in 130ms (next.js: 18ms, application-code: 112ms)
 GET / 200 in 134ms (next.js: 52ms, application-code: 81ms)
 GET / 200 in 227ms (next.js: 37ms, application-code: 190ms)
 GET / 200 in 210ms (next.js: 5ms, application-code: 205ms)
 GET / 200 in 246ms (next.js: 2ms, application-code: 243ms)
 GET / 200 in 160ms (next.js: 8ms, application-code: 152ms)
 GET / 200 in 158ms (next.js: 27ms, application-code: 131ms)
 GET / 200 in 179ms (next.js: 44ms, application-code: 135ms)
 GET / 200 in 184ms (next.js: 87ms, application-code: 97ms)
 GET / 200 in 179ms (next.js: 8ms, application-code: 172ms)
 GET / 200 in 375ms (next.js: 7ms, application-code: 368ms)
 GET / 200 in 422ms (next.js: 6ms, application-code: 416ms)
 GET / 200 in 422ms (next.js: 31ms, application-code: 392ms)
 GET / 200 in 467ms (next.js: 118ms, application-code: 350ms)
 GET / 200 in 365ms (next.js: 90ms, application-code: 275ms)
 GET / 200 in 213ms (next.js: 18ms, application-code: 195ms)
 GET / 200 in 185ms (next.js: 13ms, application-code: 172ms)
 GET / 200 in 124ms (next.js: 7ms, application-code: 117ms)
 GET / 200 in 124ms (next.js: 28ms, application-code: 96ms)
 GET / 200 in 144ms (next.js: 45ms, application-code: 100ms)
 GET / 200 in 122ms (next.js: 35ms, application-code: 87ms)
 GET / 200 in 90ms (next.js: 6ms, application-code: 84ms)
 GET / 200 in 152ms (next.js: 6ms, application-code: 146ms)
 GET / 200 in 195ms (next.js: 3ms, application-code: 192ms)
 GET / 200 in 197ms (next.js: 6ms, application-code: 192ms)
 GET / 200 in 198ms (next.js: 21ms, application-code: 177ms)
 GET / 200 in 199ms (next.js: 45ms, application-code: 153ms)
 GET / 200 in 142ms (next.js: 5ms, application-code: 137ms)
 GET / 200 in 48ms (next.js: 8ms, application-code: 41ms)
 GET / 200 in 38ms (next.js: 3ms, application-code: 35ms)
 GET / 200 in 19ms (next.js: 3ms, application-code: 16ms)
✓ Compiled in 51ms
 GET /api/health 200 in 60ms (next.js: 42ms, application-code: 18ms)
 POST /api/import 200 in 106ms (next.js: 82ms, application-code: 24ms)
 GET /api/agent/scan/discord 200 in 1084ms (next.js: 743ms, application-code: 341ms)
 GET /api/agent/scan/wechat 200 in 1720ms (next.js: 775ms, application-code: 946ms)
 GET /api/agent/scan/discord 200 in 672ms (next.js: 25ms, application-code: 648ms)
✓ Compiled in 44ms
 GET /api/health 200 in 118ms (next.js: 3ms, application-code: 115ms)
 POST /api/import 200 in 15ms (next.js: 5ms, application-code: 10ms)
✓ Compiled in 337ms
 GET / 500 in 2.2s (next.js: 2.0s, application-code: 190ms)
 GET / 500 in 42ms (next.js: 17ms, application-code: 25ms)
 GET / 500 in 31ms (next.js: 9ms, application-code: 22ms)
 GET / 500 in 46ms (next.js: 17ms, application-code: 29ms)
 GET / 500 in 37ms (next.js: 20ms, application-code: 17ms)
 GET / 500 in 65ms (next.js: 32ms, application-code: 33ms)
✓ Compiled in 333ms
 GET / 200 in 301ms (next.js: 199ms, application-code: 102ms)
 GET /api/health 200 in 179ms (next.js: 111ms, application-code: 68ms)
 POST /api/import 200 in 52ms (next.js: 40ms, application-code: 12ms)
 GET / 200 in 56ms (next.js: 12ms, application-code: 44ms)
 GET /api/health 200 in 40ms (next.js: 13ms, application-code: 27ms)
 POST /api/import 200 in 15ms (next.js: 4ms, application-code: 10ms)
 GET /api/agent/scan/discord 200 in 300ms (next.js: 119ms, application-code: 181ms)
 POST /api/import 200 in 31ms (next.js: 6ms, application-code: 24ms)
 GET /api/agent/scan/wechat 200 in 301ms (next.js: 30ms, application-code: 272ms)
 POST /api/import 200 in 28ms (next.js: 6ms, application-code: 21ms)
 GET /api/agent/scan/discord 200 in 230ms (next.js: 26ms, application-code: 205ms)
 POST /api/import 200 in 25ms (next.js: 6ms, application-code: 19ms)
 POST /api/import 200 in 22ms (next.js: 4ms, application-code: 18ms)
 POST /api/import 200 in 20ms (next.js: 7ms, application-code: 13ms)
 POST /api/import 200 in 20ms (next.js: 5ms, application-code: 15ms)
 POST /api/import 200 in 18ms (next.js: 4ms, application-code: 14ms)
 POST /api/import 200 in 33ms (next.js: 8ms, application-code: 25ms)
 POST /api/import 200 in 19ms (next.js: 4ms, application-code: 15ms)
 POST /api/import 200 in 20ms (next.js: 11ms, application-code: 10ms)
 POST /api/import 200 in 18ms (next.js: 4ms, application-code: 14ms)
 POST /api/import 200 in 17ms (next.js: 5ms, application-code: 12ms)
 POST /api/import 200 in 19ms (next.js: 8ms, application-code: 11ms)
 POST /api/import 200 in 23ms (next.js: 5ms, application-code: 18ms)
 POST /api/import 200 in 21ms (next.js: 5ms, application-code: 15ms)
 POST /api/import 200 in 24ms (next.js: 4ms, application-code: 20ms)
 POST /api/import 200 in 22ms (next.js: 1887µs, application-code: 20ms)
 POST /api/import 200 in 16ms (next.js: 5ms, application-code: 11ms)
 POST /api/import 200 in 23ms (next.js: 4ms, application-code: 20ms)
 POST /api/import 200 in 16ms (next.js: 3ms, application-code: 13ms)
 POST /api/import 200 in 9ms (next.js: 3ms, application-code: 7ms)
 POST /api/import 200 in 16ms (next.js: 3ms, application-code: 13ms)
 POST /api/import 200 in 29ms (next.js: 12ms, application-code: 17ms)
 POST /api/import 200 in 25ms (next.js: 9ms, application-code: 16ms)
 POST /api/import 200 in 24ms (next.js: 5ms, application-code: 19ms)
 GET /api/agent/scan/wechat 200 in 265ms (next.js: 19ms, application-code: 246ms)
 POST /api/import 200 in 14ms (next.js: 3ms, application-code: 11ms)
 GET /api/agent/scan/discord 200 in 166ms (next.js: 18ms, application-code: 148ms)
 PUT /api/import 200 in 40ms (next.js: 7ms, application-code: 33ms)
 POST /api/import 200 in 32ms (next.js: 4ms, application-code: 27ms)
 PUT /api/import 200 in 33ms (next.js: 9ms, application-code: 24ms)
 POST /api/import 200 in 22ms (next.js: 5ms, application-code: 17ms)
 GET /api/agent/scan/wechat 200 in 286ms (next.js: 24ms, application-code: 262ms)
 POST /api/import 200 in 39ms (next.js: 8ms, application-code: 31ms)
 GET /api/agent/scan/discord 200 in 192ms (next.js: 27ms, application-code: 165ms)
✓ Compiled in 174ms
 GET / 500 in 44ms (next.js: 25ms, application-code: 19ms)
 GET / 500 in 49ms (next.js: 9ms, application-code: 40ms)
 GET / 500 in 102ms (next.js: 75ms, application-code: 27ms)
 GET / 500 in 86ms (next.js: 8ms, application-code: 78ms)
 GET / 500 in 66ms (next.js: 33ms, application-code: 33ms)
 GET / 500 in 27ms (next.js: 12ms, application-code: 15ms)
 GET / 500 in 21ms (next.js: 8ms, application-code: 13ms)
 GET / 500 in 83ms (next.js: 9ms, application-code: 75ms)
 GET / 500 in 37ms (next.js: 20ms, application-code: 17ms)
 GET / 500 in 232ms (next.js: 30ms, application-code: 202ms)
 GET / 500 in 57ms (next.js: 37ms, application-code: 20ms)
 GET / 500 in 85ms (next.js: 65ms, application-code: 19ms)
✓ Compiled in 280ms
 GET / 200 in 643ms (next.js: 146ms, application-code: 496ms)
 GET / 200 in 142ms (next.js: 17ms, application-code: 125ms)
 GET /api/health 200 in 86ms (next.js: 55ms, application-code: 32ms)
 GET /api/health 200 in 19ms (next.js: 6ms, application-code: 13ms)
 GET / 200 in 129ms (next.js: 13ms, application-code: 116ms)
 GET /api/health 200 in 20ms (next.js: 6ms, application-code: 14ms)
✓ Compiled in 0ms
 GET /api/agent/scan/discord 200 in 341ms (next.js: 80ms, application-code: 261ms)
 PUT /api/import 200 in 152ms (next.js: 138ms, application-code: 14ms)
 PUT /api/import 200 in 25ms (next.js: 7ms, application-code: 18ms)
 GET /api/health 200 in 18ms (next.js: 8ms, application-code: 10ms)
 GET /api/health 200 in 15ms (next.js: 3ms, application-code: 11ms)
✓ Compiled in 35ms
 GET /api/agent/scan/discord 200 in 145ms (next.js: 11ms, application-code: 134ms)
 PUT /api/import 200 in 15ms (next.js: 4ms, application-code: 10ms)
✓ Compiled in 102ms
 GET / 500 in 37ms (next.js: 22ms, application-code: 14ms)
 GET / 500 in 54ms (next.js: 12ms, application-code: 42ms)
 GET / 500 in 23ms (next.js: 11ms, application-code: 13ms)
 GET / 500 in 34ms (next.js: 21ms, application-code: 13ms)
 GET / 500 in 21ms (next.js: 9ms, application-code: 12ms)
 GET / 500 in 17ms (next.js: 7ms, application-code: 10ms)
 GET / 500 in 17ms (next.js: 7ms, application-code: 10ms)
 GET / 500 in 44ms (next.js: 7ms, application-code: 37ms)
 GET / 500 in 29ms (next.js: 11ms, application-code: 19ms)
 GET / 500 in 25ms (next.js: 10ms, application-code: 15ms)
 GET / 500 in 35ms (next.js: 24ms, application-code: 11ms)
 GET / 500 in 179ms (next.js: 142ms, application-code: 37ms)
✓ Compiled in 220ms
 GET / 200 in 315ms (next.js: 101ms, application-code: 214ms)
 GET / 200 in 86ms (next.js: 5ms, application-code: 81ms)
 GET /api/health 200 in 118ms (next.js: 50ms, application-code: 67ms)
 GET /api/health 200 in 13ms (next.js: 3ms, application-code: 10ms)
 GET / 200 in 236ms (next.js: 88ms, application-code: 147ms)
 GET / 200 in 177ms (next.js: 20ms, application-code: 157ms)
 GET / 200 in 103ms (next.js: 9ms, application-code: 94ms)
 GET / 200 in 61ms (next.js: 5ms, application-code: 56ms)
 GET / 200 in 61ms (next.js: 31ms, application-code: 30ms)
 GET / 200 in 34ms (next.js: 4ms, application-code: 30ms)
 GET / 200 in 30ms (next.js: 5ms, application-code: 25ms)
 GET / 200 in 44ms (next.js: 4ms, application-code: 40ms)
 GET / 200 in 36ms (next.js: 5ms, application-code: 31ms)
 GET / 200 in 27ms (next.js: 4ms, application-code: 24ms)
 GET / 200 in 38ms (next.js: 4ms, application-code: 34ms)
 GET / 200 in 91ms (next.js: 9ms, application-code: 82ms)
 GET / 200 in 117ms (next.js: 4ms, application-code: 112ms)
 GET / 200 in 148ms (next.js: 12ms, application-code: 136ms)
 GET / 200 in 100ms (next.js: 7ms, application-code: 93ms)
 GET / 200 in 100ms (next.js: 41ms, application-code: 59ms)
 GET / 200 in 102ms (next.js: 66ms, application-code: 37ms)
 GET / 200 in 32ms (next.js: 4ms, application-code: 27ms)
 GET / 200 in 36ms (next.js: 5ms, application-code: 31ms)
 GET / 200 in 46ms (next.js: 5ms, application-code: 41ms)
 GET / 200 in 76ms (next.js: 4ms, application-code: 73ms)
 GET / 200 in 214ms (next.js: 9ms, application-code: 206ms)
 GET / 200 in 171ms (next.js: 7ms, application-code: 164ms)
 GET / 200 in 173ms (next.js: 35ms, application-code: 138ms)
 GET / 200 in 173ms (next.js: 58ms, application-code: 115ms)
 GET / 200 in 174ms (next.js: 79ms, application-code: 95ms)
 GET / 200 in 176ms (next.js: 111ms, application-code: 65ms)
 GET / 200 in 62ms (next.js: 6ms, application-code: 57ms)
 GET / 200 in 49ms (next.js: 3ms, application-code: 46ms)
 GET / 200 in 192ms (next.js: 10ms, application-code: 182ms)
 GET / 200 in 171ms (next.js: 3ms, application-code: 168ms)
 GET / 200 in 181ms (next.js: 7ms, application-code: 175ms)
 GET / 200 in 207ms (next.js: 34ms, application-code: 173ms)
 GET / 200 in 209ms (next.js: 77ms, application-code: 133ms)
 GET / 200 in 210ms (next.js: 100ms, application-code: 110ms)
 GET / 200 in 274ms (next.js: 10ms, application-code: 265ms)
 GET / 200 in 262ms (next.js: 8ms, application-code: 255ms)
 GET / 200 in 245ms (next.js: 10ms, application-code: 235ms)
 GET / 200 in 34ms (next.js: 4ms, application-code: 30ms)
 GET / 200 in 59ms (next.js: 4ms, application-code: 55ms)
 GET / 200 in 48ms (next.js: 5ms, application-code: 43ms)
 GET / 200 in 65ms (next.js: 8ms, application-code: 57ms)
 GET / 200 in 168ms (next.js: 6ms, application-code: 162ms)
 GET / 200 in 143ms (next.js: 6ms, application-code: 136ms)
 GET / 200 in 144ms (next.js: 30ms, application-code: 114ms)
 GET / 200 in 145ms (next.js: 56ms, application-code: 89ms)
 GET / 200 in 146ms (next.js: 83ms, application-code: 62ms)
 GET / 200 in 70ms (next.js: 5ms, application-code: 64ms)
 GET / 200 in 64ms (next.js: 10ms, application-code: 54ms)
 GET / 200 in 34ms (next.js: 10ms, application-code: 24ms)
 GET / 200 in 49ms (next.js: 6ms, application-code: 43ms)
 GET / 200 in 29ms (next.js: 5ms, application-code: 24ms)
 GET / 200 in 32ms (next.js: 4ms, application-code: 28ms)
 GET / 200 in 30ms (next.js: 4ms, application-code: 25ms)
 GET / 200 in 45ms (next.js: 4ms, application-code: 40ms)
 GET / 200 in 30ms (next.js: 5ms, application-code: 25ms)
 GET / 200 in 65ms (next.js: 4ms, application-code: 61ms)
 GET / 200 in 165ms (next.js: 4ms, application-code: 161ms)
 GET / 200 in 136ms (next.js: 8ms, application-code: 128ms)
 GET / 200 in 137ms (next.js: 29ms, application-code: 108ms)
 GET / 200 in 138ms (next.js: 51ms, application-code: 86ms)
 GET / 200 in 139ms (next.js: 81ms, application-code: 58ms)
 GET / 200 in 30ms (next.js: 4ms, application-code: 27ms)
 GET / 200 in 88ms (next.js: 4ms, application-code: 84ms)
 GET / 200 in 58ms (next.js: 7ms, application-code: 52ms)
 GET / 200 in 26ms (next.js: 4ms, application-code: 22ms)
 GET / 200 in 25ms (next.js: 4ms, application-code: 20ms)
 GET / 200 in 25ms (next.js: 4ms, application-code: 20ms)
 GET / 200 in 33ms (next.js: 5ms, application-code: 28ms)
 GET / 200 in 31ms (next.js: 4ms, application-code: 28ms)
 GET / 200 in 27ms (next.js: 5ms, application-code: 22ms)
 GET / 200 in 26ms (next.js: 4ms, application-code: 21ms)
 GET / 200 in 44ms (next.js: 4ms, application-code: 40ms)
 GET / 200 in 33ms (next.js: 4ms, application-code: 29ms)
 GET / 200 in 30ms (next.js: 4ms, application-code: 26ms)
 GET / 200 in 28ms (next.js: 4ms, application-code: 24ms)
 GET / 200 in 180ms (next.js: 85ms, application-code: 95ms)
 GET / 200 in 205ms (next.js: 7ms, application-code: 198ms)
 GET / 200 in 172ms (next.js: 64ms, application-code: 107ms)
 GET / 200 in 176ms (next.js: 9ms, application-code: 167ms)
 GET / 200 in 176ms (next.js: 37ms, application-code: 139ms)
 GET / 200 in 175ms (next.js: 92ms, application-code: 83ms)
 GET / 200 in 77ms (next.js: 5ms, application-code: 72ms)
 GET / 200 in 181ms (next.js: 9ms, application-code: 172ms)
 GET / 200 in 152ms (next.js: 8ms, application-code: 144ms)
 GET / 200 in 153ms (next.js: 34ms, application-code: 119ms)
 GET / 200 in 154ms (next.js: 65ms, application-code: 89ms)
 GET / 200 in 154ms (next.js: 92ms, application-code: 62ms)
 GET / 200 in 179ms (next.js: 4ms, application-code: 175ms)
 GET / 200 in 176ms (next.js: 10ms, application-code: 166ms)
 GET / 200 in 144ms (next.js: 7ms, application-code: 137ms)
 GET / 200 in 144ms (next.js: 31ms, application-code: 114ms)
 GET / 200 in 145ms (next.js: 53ms, application-code: 91ms)
 GET / 200 in 145ms (next.js: 81ms, application-code: 64ms)
 GET / 200 in 144ms (next.js: 7ms, application-code: 137ms)
 GET / 200 in 150ms (next.js: 8ms, application-code: 142ms)
 GET / 200 in 154ms (next.js: 6ms, application-code: 148ms)
 GET / 200 in 154ms (next.js: 55ms, application-code: 99ms)
 GET / 200 in 156ms (next.js: 28ms, application-code: 128ms)
 GET / 200 in 111ms (next.js: 9ms, application-code: 102ms)
 GET / 200 in 172ms (next.js: 7ms, application-code: 165ms)
 GET / 200 in 218ms (next.js: 9ms, application-code: 208ms)
 GET / 200 in 209ms (next.js: 9ms, application-code: 200ms)
 GET / 200 in 208ms (next.js: 60ms, application-code: 148ms)
 GET / 200 in 209ms (next.js: 34ms, application-code: 176ms)
 GET / 200 in 145ms (next.js: 42ms, application-code: 103ms)
 GET / 200 in 142ms (next.js: 8ms, application-code: 134ms)
 GET / 200 in 194ms (next.js: 7ms, application-code: 187ms)
 GET / 200 in 206ms (next.js: 28ms, application-code: 178ms)
 GET / 200 in 208ms (next.js: 7ms, application-code: 201ms)
 GET / 200 in 208ms (next.js: 52ms, application-code: 156ms)
 GET / 200 in 165ms (next.js: 60ms, application-code: 105ms)
 GET / 200 in 166ms (next.js: 6ms, application-code: 160ms)
 GET / 200 in 207ms (next.js: 8ms, application-code: 199ms)
 GET / 200 in 207ms (next.js: 7ms, application-code: 200ms)
 GET / 200 in 209ms (next.js: 29ms, application-code: 179ms)
 GET / 200 in 210ms (next.js: 56ms, application-code: 155ms)
 GET / 200 in 156ms (next.js: 59ms, application-code: 98ms)
 GET / 200 in 151ms (next.js: 7ms, application-code: 144ms)
 GET / 200 in 201ms (next.js: 11ms, application-code: 190ms)
 GET / 200 in 207ms (next.js: 6ms, application-code: 200ms)
 GET / 200 in 208ms (next.js: 33ms, application-code: 175ms)
 GET / 200 in 209ms (next.js: 57ms, application-code: 152ms)
 GET / 200 in 177ms (next.js: 61ms, application-code: 115ms)
 GET / 200 in 180ms (next.js: 9ms, application-code: 170ms)
 GET / 200 in 171ms (next.js: 11ms, application-code: 160ms)
 GET / 200 in 147ms (next.js: 9ms, application-code: 138ms)
 GET / 200 in 147ms (next.js: 36ms, application-code: 112ms)
 GET / 200 in 147ms (next.js: 61ms, application-code: 86ms)
 GET / 200 in 178ms (next.js: 7ms, application-code: 170ms)
 GET / 200 in 174ms (next.js: 6ms, application-code: 169ms)
 GET / 200 in 177ms (next.js: 7ms, application-code: 170ms)
 GET / 200 in 150ms (next.js: 9ms, application-code: 142ms)
 GET / 200 in 150ms (next.js: 41ms, application-code: 109ms)
 GET / 200 in 150ms (next.js: 62ms, application-code: 88ms)
 GET / 200 in 169ms (next.js: 4ms, application-code: 164ms)
 GET / 200 in 140ms (next.js: 7ms, application-code: 134ms)
 GET / 200 in 145ms (next.js: 5ms, application-code: 141ms)
 GET / 200 in 146ms (next.js: 27ms, application-code: 120ms)
 GET / 200 in 147ms (next.js: 48ms, application-code: 99ms)
 GET / 200 in 148ms (next.js: 76ms, application-code: 72ms)
 GET / 200 in 169ms (next.js: 6ms, application-code: 163ms)
 GET / 200 in 152ms (next.js: 10ms, application-code: 142ms)
 GET / 200 in 171ms (next.js: 5ms, application-code: 166ms)
 GET / 200 in 173ms (next.js: 27ms, application-code: 146ms)
 GET / 200 in 174ms (next.js: 48ms, application-code: 126ms)
 GET / 200 in 174ms (next.js: 72ms, application-code: 102ms)
 GET / 200 in 199ms (next.js: 8ms, application-code: 191ms)
 GET / 200 in 155ms (next.js: 11ms, application-code: 144ms)
 GET / 200 in 148ms (next.js: 7ms, application-code: 141ms)
 GET / 200 in 149ms (next.js: 33ms, application-code: 116ms)
 GET / 200 in 149ms (next.js: 62ms, application-code: 87ms)
 GET / 200 in 149ms (next.js: 84ms, application-code: 65ms)
 GET / 200 in 168ms (next.js: 7ms, application-code: 161ms)
 GET / 200 in 141ms (next.js: 9ms, application-code: 131ms)
 GET / 200 in 139ms (next.js: 4ms, application-code: 134ms)
 GET / 200 in 141ms (next.js: 28ms, application-code: 113ms)
 GET / 200 in 141ms (next.js: 56ms, application-code: 85ms)
 GET / 200 in 142ms (next.js: 81ms, application-code: 62ms)
 GET / 200 in 174ms (next.js: 7ms, application-code: 167ms)
 GET / 200 in 149ms (next.js: 10ms, application-code: 139ms)
 GET / 200 in 147ms (next.js: 6ms, application-code: 141ms)
 GET / 200 in 148ms (next.js: 29ms, application-code: 119ms)
 GET / 200 in 149ms (next.js: 55ms, application-code: 94ms)
 GET / 200 in 149ms (next.js: 78ms, application-code: 71ms)
 GET / 200 in 211ms (next.js: 6ms, application-code: 204ms)
 GET / 200 in 257ms (next.js: 12ms, application-code: 245ms)
 GET / 200 in 248ms (next.js: 5ms, application-code: 243ms)
 GET / 200 in 249ms (next.js: 28ms, application-code: 221ms)
 GET / 200 in 249ms (next.js: 53ms, application-code: 196ms)
 GET / 200 in 250ms (next.js: 90ms, application-code: 160ms)
 GET / 200 in 35ms (next.js: 6ms, application-code: 28ms)
✓ Compiled in 143ms
 GET / 500 in 43ms (next.js: 22ms, application-code: 21ms)
 GET / 500 in 42ms (next.js: 16ms, application-code: 25ms)
 GET / 500 in 28ms (next.js: 11ms, application-code: 17ms)
 GET / 500 in 25ms (next.js: 10ms, application-code: 15ms)
 GET / 500 in 29ms (next.js: 13ms, application-code: 17ms)
 GET / 500 in 34ms (next.js: 14ms, application-code: 20ms)
 GET / 500 in 23ms (next.js: 12ms, application-code: 11ms)
 GET / 500 in 27ms (next.js: 11ms, application-code: 16ms)
 GET / 500 in 29ms (next.js: 17ms, application-code: 12ms)
 GET / 500 in 26ms (next.js: 9ms, application-code: 17ms)
 GET / 500 in 102ms (next.js: 10ms, application-code: 92ms)
 GET / 500 in 29ms (next.js: 13ms, application-code: 16ms)
✓ Compiled in 93ms
 GET / 200 in 892ms (next.js: 279ms, application-code: 612ms)
 GET / 200 in 294ms (next.js: 69ms, application-code: 225ms)
 GET /api/health 200 in 186ms (next.js: 155ms, application-code: 31ms)
 GET /api/health 200 in 78ms (next.js: 15ms, application-code: 63ms)
 GET /api/openclaw/discord 400 in 280ms (next.js: 266ms, application-code: 15ms)
 GET /api/openclaw/discord 400 in 9ms (next.js: 2ms, application-code: 7ms)
✓ Compiled in 36ms
 GET /api/openclaw/discord 400 in 12ms (next.js: 3ms, application-code: 10ms)
 GET /api/openclaw/discord 400 in 13ms (next.js: 3ms, application-code: 11ms)
 GET /api/openclaw/discord 200 in 13.0s (next.js: 4ms, application-code: 13.0s)
 GET / 200 in 78ms (next.js: 20ms, application-code: 59ms)
 GET /api/health 200 in 38ms (next.js: 4ms, application-code: 33ms)
 GET /api/agent/scan/discord 200 in 709ms (next.js: 71ms, application-code: 638ms)
 PUT /api/import 200 in 178ms (next.js: 62ms, application-code: 116ms)
 GET /api/openclaw/discord 200 in 11.8s (next.js: 15ms, application-code: 11.8s)
 POST /api/openclaw/discord 400 in 6.1s (next.js: 7ms, application-code: 6.0s)
 GET / 200 in 87ms (next.js: 10ms, application-code: 77ms)
 GET /api/health 200 in 40ms (next.js: 4ms, application-code: 36ms)
 GET /api/openclaw/discord 200 in 15.3s (next.js: 11ms, application-code: 15.3s)
